<?xml version="1.0" encoding="UTF-8"?>
<!-- Generated by org.testng.reporters.JUnitReportReporter -->
<testsuite skipped="0" hostname="DESKTOP-8248BF9" name="tests.SearchProduct" tests="1" failures="0" timestamp="17 Feb 2020 10:30:10 GMT" time="10.409" errors="0">
  <testcase name="searchForAProduct" time="10.409" classname="tests.SearchProduct"/>
</testsuite> <!-- tests.SearchProduct -->
