<?xml version="1.0" encoding="UTF-8"?>
<!-- Generated by org.testng.reporters.JUnitReportReporter -->
<testsuite skipped="0" hostname="DESKTOP-8248BF9" name="tests.PaymentDetails" tests="1" failures="0" timestamp="15 Feb 2020 02:40:52 GMT" time="31.147" errors="0">
  <testcase name="selectPaymentDetails" time="31.147" classname="tests.PaymentDetails"/>
</testsuite> <!-- tests.PaymentDetails -->
