<?xml version="1.0" encoding="UTF-8"?>
<!-- Generated by org.testng.reporters.JUnitReportReporter -->
<testsuite skipped="0" hostname="DESKTOP-8248BF9" name="tests.ShippingDetails" tests="1" failures="0" timestamp="18 Feb 2020 09:55:08 GMT" time="10.670" errors="0">
  <testcase name="selectOrEnterShippingDetails" time="10.670" classname="tests.ShippingDetails"/>
</testsuite> <!-- tests.ShippingDetails -->
