<?xml version="1.0" encoding="UTF-8"?>
<!-- Generated by org.testng.reporters.JUnitReportReporter -->
<testsuite skipped="0" hostname="DESKTOP-8248BF9" name="tests.HomeTest" tests="1" failures="0" timestamp="14 Feb 2020 08:57:18 GMT" time="10.757" errors="0">
  <testcase name="loginAndSelectLanguage" time="10.757" classname="tests.HomeTest"/>
</testsuite> <!-- tests.HomeTest -->
