<?xml version="1.0" encoding="UTF-8"?>
<!-- Generated by org.testng.reporters.JUnitReportReporter -->
<testsuite skipped="0" hostname="DESKTOP-8248BF9" name="tests.AddToCart" tests="1" failures="0" timestamp="18 Feb 2020 09:55:08 GMT" time="33.616" errors="0">
  <testcase name="AddItemToCart" time="33.616" classname="tests.AddToCart"/>
</testsuite> <!-- tests.AddToCart -->
