<?xml version="1.0" encoding="UTF-8"?>
<!-- Generated by org.testng.reporters.JUnitReportReporter -->
<testsuite skipped="0" hostname="DESKTOP-8248BF9" name="tests.PaymentDetails" tests="1" failures="0" timestamp="18 Feb 2020 09:55:08 GMT" time="27.559" errors="0">
  <testcase name="selectPaymentDetails" time="27.559" classname="tests.PaymentDetails"/>
</testsuite> <!-- tests.PaymentDetails -->
