<?xml version="1.0" encoding="UTF-8"?>
<!-- Generated by org.testng.reporters.JUnitReportReporter -->
<testsuite skipped="0" hostname="DESKTOP-8248BF9" name="tests.AddToCart" tests="1" failures="0" timestamp="17 Feb 2020 10:30:10 GMT" time="31.973" errors="0">
  <testcase name="AddItemToCart" time="31.973" classname="tests.AddToCart"/>
</testsuite> <!-- tests.AddToCart -->
