<?xml version="1.0" encoding="UTF-8"?>
<!-- Generated by org.testng.reporters.JUnitReportReporter -->
<testsuite skipped="0" hostname="DESKTOP-8248BF9" name="tests.ShippingDetails" tests="1" failures="0" timestamp="17 Feb 2020 10:30:10 GMT" time="8.884" errors="0">
  <testcase name="selectOrEnterShippingDetails" time="8.884" classname="tests.ShippingDetails"/>
</testsuite> <!-- tests.ShippingDetails -->
