<?xml version="1.0" encoding="UTF-8"?>
<!-- Generated by org.testng.reporters.JUnitReportReporter -->
<testsuite skipped="0" hostname="DESKTOP-8248BF9" name="pages.NewTest" tests="1" failures="0" timestamp="12 Feb 2020 06:23:00 GMT" time="0.026" errors="0">
  <testcase name="f" time="0.026" classname="pages.NewTest"/>
</testsuite> <!-- pages.NewTest -->
